<?xml version="1.0" encoding="UTF-8"?>
<!-- Generated by org.testng.reporters.JUnitReportReporter -->
<testsuite skipped="0" hostname="LAPTOP-1EGTATB8" name="testng.Sample1" tests="2" failures="0" timestamp="2022-05-03T16:39:43 IST" time="0.008" errors="0">
  <testcase name="f" time="0.001" classname="testng.Sample1"/>
  <system-out/>
  <testcase name="boss" time="0.007" classname="testng.Sample1"/>
  <system-out/>
</testsuite> <!-- testng.Sample1 -->
